analytics/proguard-rules.pro
# Add project specific ProGuard rules here.
# By default, the flags in this file are appended to flags specified
# in /Users/rakawm/Library/Android/sdk/tools/proguard/proguard-android.txt
# You can edit the include path and order by changing the proguardFiles
# directive in build.gradle.
#
# For more details, see
#   http://developer.android.com/guide/developing/tools/proguard.html

# Add any project specific keep options here:

# If your project uses WebView with JS, uncomment the following
# and specify the fully qualified class name to the JavaScript interface
# class:
#-keepclassmembers class fqcn.of.javascript.interface.for.webview {
#   public *;
#}

# Uncomment this to preserve the line number information for
# debugging stack traces.
#-keepattributes SourceFile,LineNumberTable

# If you keep the line number information, uncomment this to
# hide the original source file name.
#-renamesourcefileattribute SourceFile

-keep class com.midtrans.sdk.analytics.MidtransAnalytics { *; }
-keep class com.midtrans.sdk.analytics.MidtransAnalytics$Builder { *; }
-keep class com.midtrans.sdk.analytics.AnalyticsEnvironment { *; }
-keep class com.midtrans.sdk.analytics.models.** { *; }

# Retrofit 2

## Platform calls Class.forName on types which do not exist on Android to determine platform.
-dontnote retrofit2.Platform
## Platform used when running on RoboVM on iOS. Will not be used at runtime.
-dontnote retrofit2.Platform$IOS$MainThreadExecutor
## Platform used when running on Java 8 VMs. Will not be used at runtime.
-dontwarn retrofit2.Platform$Java8