analytics/build/outputs/mapping/release/seeds.txt
com.midtrans.sdk.analytics.AnalyticsEnvironment
com.midtrans.sdk.analytics.AnalyticsEnvironment: com.midtrans.sdk.analytics.AnalyticsEnvironment PRODUCTION
com.midtrans.sdk.analytics.AnalyticsEnvironment: com.midtrans.sdk.analytics.AnalyticsEnvironment STAGING
com.midtrans.sdk.analytics.AnalyticsEnvironment: com.midtrans.sdk.analytics.AnalyticsEnvironment SANDBOX
com.midtrans.sdk.analytics.AnalyticsEnvironment: com.midtrans.sdk.analytics.AnalyticsEnvironment[] $VALUES
com.midtrans.sdk.analytics.AnalyticsEnvironment: com.midtrans.sdk.analytics.AnalyticsEnvironment[] values()
com.midtrans.sdk.analytics.AnalyticsEnvironment: com.midtrans.sdk.analytics.AnalyticsEnvironment valueOf(java.lang.String)
com.midtrans.sdk.analytics.AnalyticsEnvironment: AnalyticsEnvironment(java.lang.String,int)
com.midtrans.sdk.analytics.AnalyticsEnvironment: void <clinit>()
com.midtrans.sdk.analytics.MidtransAnalytics
com.midtrans.sdk.analytics.MidtransAnalytics: java.lang.String CARD_MODE_ONE_CLICK
com.midtrans.sdk.analytics.MidtransAnalytics: java.lang.String CARD_MODE_TWO_CLICK
com.midtrans.sdk.analytics.MidtransAnalytics: java.lang.String CARD_MODE_NORMAL
com.midtrans.sdk.analytics.MidtransAnalytics: java.lang.String DEVICE_TYPE_TABLET
com.midtrans.sdk.analytics.MidtransAnalytics: java.lang.String DEVICE_TYPE_PHONE
com.midtrans.sdk.analytics.MidtransAnalytics: java.lang.String PLATFORM
com.midtrans.sdk.analytics.MidtransAnalytics: java.lang.String FLOW
com.midtrans.sdk.analytics.MidtransAnalytics: com.midtrans.sdk.analytics.MidtransAnalytics instance
com.midtrans.sdk.analytics.MidtransAnalytics: java.lang.String sdkVersion
com.midtrans.sdk.analytics.MidtransAnalytics: java.lang.String deviceId
com.midtrans.sdk.analytics.MidtransAnalytics: java.lang.String deviceType
com.midtrans.sdk.analytics.MidtransAnalytics: com.midtrans.sdk.analytics.environment.BaseAnalyticsEnvironment environment
com.midtrans.sdk.analytics.MidtransAnalytics: com.midtrans.sdk.analytics.api.AnalyticsApiManager analyticsApiManager
com.midtrans.sdk.analytics.MidtransAnalytics: java.lang.String merchantName
com.midtrans.sdk.analytics.MidtransAnalytics: MidtransAnalytics(com.midtrans.sdk.analytics.MidtransAnalytics$Builder)
com.midtrans.sdk.analytics.MidtransAnalytics: com.midtrans.sdk.analytics.MidtransAnalytics getInstance()
com.midtrans.sdk.analytics.MidtransAnalytics$Builder
com.midtrans.sdk.analytics.MidtransAnalytics$Builder: boolean logEnabled
com.midtrans.sdk.analytics.MidtransAnalytics$Builder: java.lang.String sdkVersion
com.midtrans.sdk.analytics.MidtransAnalytics$Builder: java.lang.String deviceId
com.midtrans.sdk.analytics.MidtransAnalytics$Builder: java.lang.String merchantName
com.midtrans.sdk.analytics.MidtransAnalytics$Builder: java.lang.String deviceType
com.midtrans.sdk.analytics.MidtransAnalytics$Builder: com.midtrans.sdk.analytics.AnalyticsEnvironment environment
com.midtrans.sdk.analytics.MidtransAnalytics$Builder: MidtransAnalytics$Builder()
com.midtrans.sdk.analytics.MidtransAnalytics$Builder: com.midtrans.sdk.analytics.MidtransAnalytics$Builder setLogEnabled(boolean)
com.midtrans.sdk.analytics.MidtransAnalytics$Builder: com.midtrans.sdk.analytics.MidtransAnalytics$Builder setSdkVersion(java.lang.String)
com.midtrans.sdk.analytics.MidtransAnalytics$Builder: com.midtrans.sdk.analytics.MidtransAnalytics$Builder setMerchantName(java.lang.String)
com.midtrans.sdk.analytics.MidtransAnalytics$Builder: com.midtrans.sdk.analytics.MidtransAnalytics$Builder setDeviceId(java.lang.String)
com.midtrans.sdk.analytics.MidtransAnalytics$Builder: com.midtrans.sdk.analytics.MidtransAnalytics$Builder setDeviceType(java.lang.String)
com.midtrans.sdk.analytics.R
com.midtrans.sdk.analytics.R$attr
com.midtrans.sdk.analytics.R$string
com.midtrans.sdk.analytics.R$string: int app_name