analytics/build/outputs/mapping/release/mapping.txt
com.midtrans.sdk.analytics.AnalyticsEnvironment -> com.midtrans.sdk.analytics.AnalyticsEnvironment:
    com.midtrans.sdk.analytics.AnalyticsEnvironment PRODUCTION -> PRODUCTION
    com.midtrans.sdk.analytics.AnalyticsEnvironment STAGING -> STAGING
    com.midtrans.sdk.analytics.AnalyticsEnvironment SANDBOX -> SANDBOX
    com.midtrans.sdk.analytics.AnalyticsEnvironment[] $VALUES -> $VALUES
    com.midtrans.sdk.analytics.AnalyticsEnvironment[] values() -> values
    com.midtrans.sdk.analytics.AnalyticsEnvironment valueOf(java.lang.String) -> valueOf
    void <init>(java.lang.String,int) -> <init>
    void <clinit>() -> <clinit>
com.midtrans.sdk.analytics.MidtransAnalytics -> com.midtrans.sdk.analytics.MidtransAnalytics:
    java.lang.String CARD_MODE_ONE_CLICK -> CARD_MODE_ONE_CLICK
    java.lang.String CARD_MODE_TWO_CLICK -> CARD_MODE_TWO_CLICK
    java.lang.String CARD_MODE_NORMAL -> CARD_MODE_NORMAL
    java.lang.String DEVICE_TYPE_TABLET -> DEVICE_TYPE_TABLET
    java.lang.String DEVICE_TYPE_PHONE -> DEVICE_TYPE_PHONE
    java.lang.String PLATFORM -> PLATFORM
    java.lang.String FLOW -> FLOW
    com.midtrans.sdk.analytics.MidtransAnalytics instance -> instance
    java.lang.String sdkVersion -> sdkVersion
    java.lang.String deviceId -> deviceId
    java.lang.String deviceType -> deviceType
    com.midtrans.sdk.analytics.environment.BaseAnalyticsEnvironment environment -> environment
    com.midtrans.sdk.analytics.api.AnalyticsApiManager analyticsApiManager -> analyticsApiManager
    java.lang.String merchantName -> merchantName
    void <init>(com.midtrans.sdk.analytics.MidtransAnalytics$Builder) -> <init>
    com.midtrans.sdk.analytics.MidtransAnalytics getInstance() -> getInstance
    com.midtrans.sdk.analytics.api.AnalyticsApiManager buildAnalyticsApiManager(com.midtrans.sdk.analytics.AnalyticsEnvironment) -> buildAnalyticsApiManager
    com.midtrans.sdk.analytics.environment.BaseAnalyticsEnvironment buildAnalyticsEnvironment(com.midtrans.sdk.analytics.AnalyticsEnvironment) -> buildAnalyticsEnvironment
    void setMerchantName(java.lang.String) -> setMerchantName
com.midtrans.sdk.analytics.MidtransAnalytics$1 -> com.midtrans.sdk.analytics.MidtransAnalytics$1:
    int[] $SwitchMap$com$midtrans$sdk$analytics$AnalyticsEnvironment -> a
    void <clinit>() -> <clinit>
com.midtrans.sdk.analytics.MidtransAnalytics$Builder -> com.midtrans.sdk.analytics.MidtransAnalytics$Builder:
    boolean logEnabled -> logEnabled
    java.lang.String sdkVersion -> sdkVersion
    java.lang.String deviceId -> deviceId
    java.lang.String merchantName -> merchantName
    java.lang.String deviceType -> deviceType
    com.midtrans.sdk.analytics.AnalyticsEnvironment environment -> environment
    void <init>() -> <init>
    com.midtrans.sdk.analytics.MidtransAnalytics$Builder setLogEnabled(boolean) -> setLogEnabled
    com.midtrans.sdk.analytics.MidtransAnalytics$Builder setSdkVersion(java.lang.String) -> setSdkVersion
    com.midtrans.sdk.analytics.MidtransAnalytics$Builder setMerchantName(java.lang.String) -> setMerchantName
    com.midtrans.sdk.analytics.MidtransAnalytics$Builder setDeviceId(java.lang.String) -> setDeviceId
    com.midtrans.sdk.analytics.MidtransAnalytics$Builder setDeviceType(java.lang.String) -> setDeviceType
    com.midtrans.sdk.analytics.MidtransAnalytics$Builder setEnvironment(com.midtrans.sdk.analytics.AnalyticsEnvironment) -> setEnvironment
    com.midtrans.sdk.analytics.MidtransAnalytics build() -> build
    java.lang.String access$000(com.midtrans.sdk.analytics.MidtransAnalytics$Builder) -> access$000
    java.lang.String access$100(com.midtrans.sdk.analytics.MidtransAnalytics$Builder) -> access$100
    java.lang.String access$200(com.midtrans.sdk.analytics.MidtransAnalytics$Builder) -> access$200
com.midtrans.sdk.analytics.R -> com.midtrans.sdk.analytics.R:
    void <init>() -> <init>
com.midtrans.sdk.analytics.R$attr -> com.midtrans.sdk.analytics.R$attr:
    void <init>() -> <init>